CRITICAL - 2023-04-12 18:40:52 --> Invalid file: "nueva_plantilla.php"
in SYSTEMPATH/Exceptions/FrameworkException.php on line 33.
 1 SYSTEMPATH/View/View.php(201): CodeIgniter\Exceptions\FrameworkException::forInvalidFile('nueva_plantilla.php')
 2 SYSTEMPATH/Common.php(1184): CodeIgniter\View\View->render('nueva_plantilla.php', [], true)
 3 APPPATH/Controllers/Home.php(9): view('nueva_plantilla.php')
 4 SYSTEMPATH/CodeIgniter.php(934): App\Controllers\Home->index()
 5 SYSTEMPATH/CodeIgniter.php(499): CodeIgniter\CodeIgniter->runController(Object(App\Controllers\Home))
 6 SYSTEMPATH/CodeIgniter.php(368): CodeIgniter\CodeIgniter->handleRequest(null, Object(Config\Cache), false)
 7 FCPATH/index.php(67): CodeIgniter\CodeIgniter->run()
CRITICAL - 2023-04-12 18:41:23 --> Invalid file: "nueva_plantilla.php"
in SYSTEMPATH/Exceptions/FrameworkException.php on line 33.
 1 SYSTEMPATH/View/View.php(201): CodeIgniter\Exceptions\FrameworkException::forInvalidFile('nueva_plantilla.php')
 2 SYSTEMPATH/Common.php(1184): CodeIgniter\View\View->render('nueva_plantilla.php', [], true)
 3 APPPATH/Controllers/Home.php(9): view('nueva_plantilla.php')
 4 SYSTEMPATH/CodeIgniter.php(934): App\Controllers\Home->index()
 5 SYSTEMPATH/CodeIgniter.php(499): CodeIgniter\CodeIgniter->runController(Object(App\Controllers\Home))
 6 SYSTEMPATH/CodeIgniter.php(368): CodeIgniter\CodeIgniter->handleRequest(null, Object(Config\Cache), false)
 7 FCPATH/index.php(67): CodeIgniter\CodeIgniter->run()
CRITICAL - 2023-04-12 18:55:42 --> Invalid file: "front/footer.php"
in SYSTEMPATH/Exceptions/FrameworkException.php on line 33.
 1 SYSTEMPATH/View/View.php(201): CodeIgniter\Exceptions\FrameworkException::forInvalidFile('front/footer.php')
 2 SYSTEMPATH/Common.php(1184): CodeIgniter\View\View->render('front/footer.php', [], true)
 3 APPPATH/Controllers/Home.php(12): view('front/footer.php')
 4 SYSTEMPATH/CodeIgniter.php(934): App\Controllers\Home->index()
 5 SYSTEMPATH/CodeIgniter.php(499): CodeIgniter\CodeIgniter->runController(Object(App\Controllers\Home))
 6 SYSTEMPATH/CodeIgniter.php(368): CodeIgniter\CodeIgniter->handleRequest(null, Object(Config\Cache), false)
 7 FCPATH/index.php(67): CodeIgniter\CodeIgniter->run()
CRITICAL - 2023-04-12 18:55:55 --> Invalid file: "front/footer.php"
in SYSTEMPATH/Exceptions/FrameworkException.php on line 33.
 1 SYSTEMPATH/View/View.php(201): CodeIgniter\Exceptions\FrameworkException::forInvalidFile('front/footer.php')
 2 SYSTEMPATH/Common.php(1184): CodeIgniter\View\View->render('front/footer.php', [], true)
 3 APPPATH/Controllers/Home.php(12): view('front/footer.php')
 4 SYSTEMPATH/CodeIgniter.php(934): App\Controllers\Home->index()
 5 SYSTEMPATH/CodeIgniter.php(499): CodeIgniter\CodeIgniter->runController(Object(App\Controllers\Home))
 6 SYSTEMPATH/CodeIgniter.php(368): CodeIgniter\CodeIgniter->handleRequest(null, Object(Config\Cache), false)
 7 FCPATH/index.php(67): CodeIgniter\CodeIgniter->run()
CRITICAL - 2023-04-12 19:14:25 --> syntax error, unexpected token "echo"
in APPPATH/Controllers/Home.php on line 10.
 1 SYSTEMPATH/Autoloader/Autoloader.php(289): CodeIgniter\Autoloader\Autoloader->includeFile('/opt/lampp/htdocs/proyecto_lezana_mauricio/app/Controllers/Home.php')
 2 SYSTEMPATH/Autoloader/Autoloader.php(267): CodeIgniter\Autoloader\Autoloader->loadInNamespace('App\\Controllers\\Home')
 3 [internal function]: CodeIgniter\Autoloader\Autoloader->loadClass('App\\Controllers\\Home')
 4 SYSTEMPATH/CodeIgniter.php(892): class_exists('\\App\\Controllers\\Home', true)
 5 SYSTEMPATH/CodeIgniter.php(486): CodeIgniter\CodeIgniter->startController()
 6 SYSTEMPATH/CodeIgniter.php(368): CodeIgniter\CodeIgniter->handleRequest(null, Object(Config\Cache), false)
 7 FCPATH/index.php(67): CodeIgniter\CodeIgniter->run()
CRITICAL - 2023-04-12 19:14:48 --> Undefined constant "App\Controllers\title"
in APPPATH/Controllers/Home.php on line 9.
 1 SYSTEMPATH/CodeIgniter.php(934): App\Controllers\Home->index()
 2 SYSTEMPATH/CodeIgniter.php(499): CodeIgniter\CodeIgniter->runController(Object(App\Controllers\Home))
 3 SYSTEMPATH/CodeIgniter.php(368): CodeIgniter\CodeIgniter->handleRequest(null, Object(Config\Cache), false)
 4 FCPATH/index.php(67): CodeIgniter\CodeIgniter->run()
CRITICAL - 2023-04-12 19:14:49 --> Undefined constant "App\Controllers\title"
in APPPATH/Controllers/Home.php on line 9.
 1 SYSTEMPATH/CodeIgniter.php(934): App\Controllers\Home->index()
 2 SYSTEMPATH/CodeIgniter.php(499): CodeIgniter\CodeIgniter->runController(Object(App\Controllers\Home))
 3 SYSTEMPATH/CodeIgniter.php(368): CodeIgniter\CodeIgniter->handleRequest(null, Object(Config\Cache), false)
 4 FCPATH/index.php(67): CodeIgniter\CodeIgniter->run()
CRITICAL - 2023-04-12 19:14:49 --> Undefined constant "App\Controllers\title"
in APPPATH/Controllers/Home.php on line 9.
 1 SYSTEMPATH/CodeIgniter.php(934): App\Controllers\Home->index()
 2 SYSTEMPATH/CodeIgniter.php(499): CodeIgniter\CodeIgniter->runController(Object(App\Controllers\Home))
 3 SYSTEMPATH/CodeIgniter.php(368): CodeIgniter\CodeIgniter->handleRequest(null, Object(Config\Cache), false)
 4 FCPATH/index.php(67): CodeIgniter\CodeIgniter->run()
CRITICAL - 2023-04-12 19:15:03 --> syntax error, unexpected single-quoted string "title", expecting variable or "{" or "$"
in APPPATH/Views/front/head_view.php on line 12.
 1 SYSTEMPATH/View/View.php(216): CodeIgniter\View\View->CodeIgniter\View\{closure}()
 2 SYSTEMPATH/Common.php(1184): CodeIgniter\View\View->render('front/head_view.php', [], true)
 3 APPPATH/Controllers/Home.php(10): view('front/head_view.php', [...])
 4 SYSTEMPATH/CodeIgniter.php(934): App\Controllers\Home->index()
 5 SYSTEMPATH/CodeIgniter.php(499): CodeIgniter\CodeIgniter->runController(Object(App\Controllers\Home))
 6 SYSTEMPATH/CodeIgniter.php(368): CodeIgniter\CodeIgniter->handleRequest(null, Object(Config\Cache), false)
 7 FCPATH/index.php(67): CodeIgniter\CodeIgniter->run()
CRITICAL - 2023-04-12 19:15:04 --> syntax error, unexpected single-quoted string "title", expecting variable or "{" or "$"
in APPPATH/Views/front/head_view.php on line 12.
 1 SYSTEMPATH/View/View.php(216): CodeIgniter\View\View->CodeIgniter\View\{closure}()
 2 SYSTEMPATH/Common.php(1184): CodeIgniter\View\View->render('front/head_view.php', [], true)
 3 APPPATH/Controllers/Home.php(10): view('front/head_view.php', [...])
 4 SYSTEMPATH/CodeIgniter.php(934): App\Controllers\Home->index()
 5 SYSTEMPATH/CodeIgniter.php(499): CodeIgniter\CodeIgniter->runController(Object(App\Controllers\Home))
 6 SYSTEMPATH/CodeIgniter.php(368): CodeIgniter\CodeIgniter->handleRequest(null, Object(Config\Cache), false)
 7 FCPATH/index.php(67): CodeIgniter\CodeIgniter->run()
CRITICAL - 2023-04-12 19:15:04 --> syntax error, unexpected single-quoted string "title", expecting variable or "{" or "$"
in APPPATH/Views/front/head_view.php on line 12.
 1 SYSTEMPATH/View/View.php(216): CodeIgniter\View\View->CodeIgniter\View\{closure}()
 2 SYSTEMPATH/Common.php(1184): CodeIgniter\View\View->render('front/head_view.php', [], true)
 3 APPPATH/Controllers/Home.php(10): view('front/head_view.php', [...])
 4 SYSTEMPATH/CodeIgniter.php(934): App\Controllers\Home->index()
 5 SYSTEMPATH/CodeIgniter.php(499): CodeIgniter\CodeIgniter->runController(Object(App\Controllers\Home))
 6 SYSTEMPATH/CodeIgniter.php(368): CodeIgniter\CodeIgniter->handleRequest(null, Object(Config\Cache), false)
 7 FCPATH/index.php(67): CodeIgniter\CodeIgniter->run()
CRITICAL - 2023-04-12 19:15:04 --> syntax error, unexpected single-quoted string "title", expecting variable or "{" or "$"
in APPPATH/Views/front/head_view.php on line 12.
 1 SYSTEMPATH/View/View.php(216): CodeIgniter\View\View->CodeIgniter\View\{closure}()
 2 SYSTEMPATH/Common.php(1184): CodeIgniter\View\View->render('front/head_view.php', [], true)
 3 APPPATH/Controllers/Home.php(10): view('front/head_view.php', [...])
 4 SYSTEMPATH/CodeIgniter.php(934): App\Controllers\Home->index()
 5 SYSTEMPATH/CodeIgniter.php(499): CodeIgniter\CodeIgniter->runController(Object(App\Controllers\Home))
 6 SYSTEMPATH/CodeIgniter.php(368): CodeIgniter\CodeIgniter->handleRequest(null, Object(Config\Cache), false)
 7 FCPATH/index.php(67): CodeIgniter\CodeIgniter->run()
CRITICAL - 2023-04-12 19:15:05 --> syntax error, unexpected single-quoted string "title", expecting variable or "{" or "$"
in APPPATH/Views/front/head_view.php on line 12.
 1 SYSTEMPATH/View/View.php(216): CodeIgniter\View\View->CodeIgniter\View\{closure}()
 2 SYSTEMPATH/Common.php(1184): CodeIgniter\View\View->render('front/head_view.php', [], true)
 3 APPPATH/Controllers/Home.php(10): view('front/head_view.php', [...])
 4 SYSTEMPATH/CodeIgniter.php(934): App\Controllers\Home->index()
 5 SYSTEMPATH/CodeIgniter.php(499): CodeIgniter\CodeIgniter->runController(Object(App\Controllers\Home))
 6 SYSTEMPATH/CodeIgniter.php(368): CodeIgniter\CodeIgniter->handleRequest(null, Object(Config\Cache), false)
 7 FCPATH/index.php(67): CodeIgniter\CodeIgniter->run()
CRITICAL - 2023-04-12 19:16:58 --> syntax error, unexpected single-quoted string "title", expecting variable or "{" or "$"
in APPPATH/Views/front/head_view.php on line 12.
 1 SYSTEMPATH/View/View.php(216): CodeIgniter\View\View->CodeIgniter\View\{closure}()
 2 SYSTEMPATH/Common.php(1184): CodeIgniter\View\View->render('front/head_view.php', [], true)
 3 APPPATH/Controllers/Home.php(10): view('front/head_view.php', [...])
 4 SYSTEMPATH/CodeIgniter.php(934): App\Controllers\Home->index()
 5 SYSTEMPATH/CodeIgniter.php(499): CodeIgniter\CodeIgniter->runController(Object(App\Controllers\Home))
 6 SYSTEMPATH/CodeIgniter.php(368): CodeIgniter\CodeIgniter->handleRequest(null, Object(Config\Cache), false)
 7 FCPATH/index.php(67): CodeIgniter\CodeIgniter->run()
CRITICAL - 2023-04-12 19:21:32 --> syntax error, unexpected single-quoted string "title", expecting variable or "{" or "$"
in APPPATH/Views/front/head_view.php on line 12.
 1 SYSTEMPATH/View/View.php(216): CodeIgniter\View\View->CodeIgniter\View\{closure}()
 2 SYSTEMPATH/Common.php(1184): CodeIgniter\View\View->render('front/head_view.php', [], true)
 3 APPPATH/Controllers/Home.php(10): view('front/head_view.php', [...])
 4 SYSTEMPATH/CodeIgniter.php(934): App\Controllers\Home->index()
 5 SYSTEMPATH/CodeIgniter.php(499): CodeIgniter\CodeIgniter->runController(Object(App\Controllers\Home))
 6 SYSTEMPATH/CodeIgniter.php(368): CodeIgniter\CodeIgniter->handleRequest(null, Object(Config\Cache), false)
 7 FCPATH/index.php(67): CodeIgniter\CodeIgniter->run()
CRITICAL - 2023-04-12 19:24:29 --> syntax error, unexpected single-quoted string "title", expecting variable or "{" or "$"
in APPPATH/Views/front/head_view.php on line 12.
 1 SYSTEMPATH/View/View.php(216): CodeIgniter\View\View->CodeIgniter\View\{closure}()
 2 SYSTEMPATH/Common.php(1184): CodeIgniter\View\View->render('front/head_view.php', [], true)
 3 APPPATH/Controllers/Home.php(10): view('front/head_view.php', [...])
 4 SYSTEMPATH/CodeIgniter.php(934): App\Controllers\Home->index()
 5 SYSTEMPATH/CodeIgniter.php(499): CodeIgniter\CodeIgniter->runController(Object(App\Controllers\Home))
 6 SYSTEMPATH/CodeIgniter.php(368): CodeIgniter\CodeIgniter->handleRequest(null, Object(Config\Cache), false)
 7 FCPATH/index.php(67): CodeIgniter\CodeIgniter->run()
CRITICAL - 2023-04-12 19:27:30 --> syntax error, unexpected single-quoted string "title", expecting variable or "{" or "$"
in APPPATH/Views/front/head_view.php on line 12.
 1 SYSTEMPATH/View/View.php(216): CodeIgniter\View\View->CodeIgniter\View\{closure}()
 2 SYSTEMPATH/Common.php(1184): CodeIgniter\View\View->render('front/head_view.php', [], true)
 3 APPPATH/Controllers/Home.php(10): view('front/head_view.php', [...])
 4 SYSTEMPATH/CodeIgniter.php(934): App\Controllers\Home->index()
 5 SYSTEMPATH/CodeIgniter.php(499): CodeIgniter\CodeIgniter->runController(Object(App\Controllers\Home))
 6 SYSTEMPATH/CodeIgniter.php(368): CodeIgniter\CodeIgniter->handleRequest(null, Object(Config\Cache), false)
 7 FCPATH/index.php(67): CodeIgniter\CodeIgniter->run()
CRITICAL - 2023-04-12 19:31:50 --> Undefined variable $data
in APPPATH/Views/front/head_view.php on line 12.
 1 APPPATH/Views/front/head_view.php(12): CodeIgniter\Debug\Exceptions->errorHandler(2, 'Undefined variable $data', '/opt/lampp/htdocs/proyecto_lezana_mauricio/app/Views/front/head_view.php', 12)
 2 SYSTEMPATH/View/View.php(213): include('/opt/lampp/htdocs/proyecto_lezana_mauricio/app/Views/front/head_view.php')
 3 SYSTEMPATH/View/View.php(216): CodeIgniter\View\View->CodeIgniter\View\{closure}()
 4 SYSTEMPATH/Common.php(1184): CodeIgniter\View\View->render('front/head_view.php', [], true)
 5 APPPATH/Controllers/Home.php(10): view('front/head_view.php', [...])
 6 SYSTEMPATH/CodeIgniter.php(934): App\Controllers\Home->index()
 7 SYSTEMPATH/CodeIgniter.php(499): CodeIgniter\CodeIgniter->runController(Object(App\Controllers\Home))
 8 SYSTEMPATH/CodeIgniter.php(368): CodeIgniter\CodeIgniter->handleRequest(null, Object(Config\Cache), false)
 9 FCPATH/index.php(67): CodeIgniter\CodeIgniter->run()
CRITICAL - 2023-04-12 19:31:51 --> Undefined variable $data
in APPPATH/Views/front/head_view.php on line 12.
 1 APPPATH/Views/front/head_view.php(12): CodeIgniter\Debug\Exceptions->errorHandler(2, 'Undefined variable $data', '/opt/lampp/htdocs/proyecto_lezana_mauricio/app/Views/front/head_view.php', 12)
 2 SYSTEMPATH/View/View.php(213): include('/opt/lampp/htdocs/proyecto_lezana_mauricio/app/Views/front/head_view.php')
 3 SYSTEMPATH/View/View.php(216): CodeIgniter\View\View->CodeIgniter\View\{closure}()
 4 SYSTEMPATH/Common.php(1184): CodeIgniter\View\View->render('front/head_view.php', [], true)
 5 APPPATH/Controllers/Home.php(10): view('front/head_view.php', [...])
 6 SYSTEMPATH/CodeIgniter.php(934): App\Controllers\Home->index()
 7 SYSTEMPATH/CodeIgniter.php(499): CodeIgniter\CodeIgniter->runController(Object(App\Controllers\Home))
 8 SYSTEMPATH/CodeIgniter.php(368): CodeIgniter\CodeIgniter->handleRequest(null, Object(Config\Cache), false)
 9 FCPATH/index.php(67): CodeIgniter\CodeIgniter->run()
CRITICAL - 2023-04-12 19:31:56 --> Undefined variable $data
in APPPATH/Views/front/head_view.php on line 12.
 1 APPPATH/Views/front/head_view.php(12): CodeIgniter\Debug\Exceptions->errorHandler(2, 'Undefined variable $data', '/opt/lampp/htdocs/proyecto_lezana_mauricio/app/Views/front/head_view.php', 12)
 2 SYSTEMPATH/View/View.php(213): include('/opt/lampp/htdocs/proyecto_lezana_mauricio/app/Views/front/head_view.php')
 3 SYSTEMPATH/View/View.php(216): CodeIgniter\View\View->CodeIgniter\View\{closure}()
 4 SYSTEMPATH/Common.php(1184): CodeIgniter\View\View->render('front/head_view.php', [], true)
 5 APPPATH/Controllers/Home.php(10): view('front/head_view.php', [...])
 6 SYSTEMPATH/CodeIgniter.php(934): App\Controllers\Home->index()
 7 SYSTEMPATH/CodeIgniter.php(499): CodeIgniter\CodeIgniter->runController(Object(App\Controllers\Home))
 8 SYSTEMPATH/CodeIgniter.php(368): CodeIgniter\CodeIgniter->handleRequest(null, Object(Config\Cache), false)
 9 FCPATH/index.php(67): CodeIgniter\CodeIgniter->run()
CRITICAL - 2023-04-12 19:31:57 --> Undefined variable $data
in APPPATH/Views/front/head_view.php on line 12.
 1 APPPATH/Views/front/head_view.php(12): CodeIgniter\Debug\Exceptions->errorHandler(2, 'Undefined variable $data', '/opt/lampp/htdocs/proyecto_lezana_mauricio/app/Views/front/head_view.php', 12)
 2 SYSTEMPATH/View/View.php(213): include('/opt/lampp/htdocs/proyecto_lezana_mauricio/app/Views/front/head_view.php')
 3 SYSTEMPATH/View/View.php(216): CodeIgniter\View\View->CodeIgniter\View\{closure}()
 4 SYSTEMPATH/Common.php(1184): CodeIgniter\View\View->render('front/head_view.php', [], true)
 5 APPPATH/Controllers/Home.php(10): view('front/head_view.php', [...])
 6 SYSTEMPATH/CodeIgniter.php(934): App\Controllers\Home->index()
 7 SYSTEMPATH/CodeIgniter.php(499): CodeIgniter\CodeIgniter->runController(Object(App\Controllers\Home))
 8 SYSTEMPATH/CodeIgniter.php(368): CodeIgniter\CodeIgniter->handleRequest(null, Object(Config\Cache), false)
 9 FCPATH/index.php(67): CodeIgniter\CodeIgniter->run()
CRITICAL - 2023-04-12 19:32:12 --> Undefined variable $data
in APPPATH/Views/front/head_view.php on line 12.
 1 APPPATH/Views/front/head_view.php(12): CodeIgniter\Debug\Exceptions->errorHandler(2, 'Undefined variable $data', '/opt/lampp/htdocs/proyecto_lezana_mauricio/app/Views/front/head_view.php', 12)
 2 SYSTEMPATH/View/View.php(213): include('/opt/lampp/htdocs/proyecto_lezana_mauricio/app/Views/front/head_view.php')
 3 SYSTEMPATH/View/View.php(216): CodeIgniter\View\View->CodeIgniter\View\{closure}()
 4 SYSTEMPATH/Common.php(1184): CodeIgniter\View\View->render('front/head_view.php', [], true)
 5 APPPATH/Controllers/Home.php(10): view('front/head_view.php', [...])
 6 SYSTEMPATH/CodeIgniter.php(934): App\Controllers\Home->index()
 7 SYSTEMPATH/CodeIgniter.php(499): CodeIgniter\CodeIgniter->runController(Object(App\Controllers\Home))
 8 SYSTEMPATH/CodeIgniter.php(368): CodeIgniter\CodeIgniter->handleRequest(null, Object(Config\Cache), false)
 9 FCPATH/index.php(67): CodeIgniter\CodeIgniter->run()
CRITICAL - 2023-04-12 19:32:19 --> Undefined variable $data
in APPPATH/Views/front/head_view.php on line 12.
 1 APPPATH/Views/front/head_view.php(12): CodeIgniter\Debug\Exceptions->errorHandler(2, 'Undefined variable $data', '/opt/lampp/htdocs/proyecto_lezana_mauricio/app/Views/front/head_view.php', 12)
 2 SYSTEMPATH/View/View.php(213): include('/opt/lampp/htdocs/proyecto_lezana_mauricio/app/Views/front/head_view.php')
 3 SYSTEMPATH/View/View.php(216): CodeIgniter\View\View->CodeIgniter\View\{closure}()
 4 SYSTEMPATH/Common.php(1184): CodeIgniter\View\View->render('front/head_view.php', [], true)
 5 APPPATH/Controllers/Home.php(10): view('front/head_view.php', [...])
 6 SYSTEMPATH/CodeIgniter.php(934): App\Controllers\Home->index()
 7 SYSTEMPATH/CodeIgniter.php(499): CodeIgniter\CodeIgniter->runController(Object(App\Controllers\Home))
 8 SYSTEMPATH/CodeIgniter.php(368): CodeIgniter\CodeIgniter->handleRequest(null, Object(Config\Cache), false)
 9 FCPATH/index.php(67): CodeIgniter\CodeIgniter->run()
CRITICAL - 2023-04-12 19:32:20 --> Undefined variable $data
in APPPATH/Views/front/head_view.php on line 12.
 1 APPPATH/Views/front/head_view.php(12): CodeIgniter\Debug\Exceptions->errorHandler(2, 'Undefined variable $data', '/opt/lampp/htdocs/proyecto_lezana_mauricio/app/Views/front/head_view.php', 12)
 2 SYSTEMPATH/View/View.php(213): include('/opt/lampp/htdocs/proyecto_lezana_mauricio/app/Views/front/head_view.php')
 3 SYSTEMPATH/View/View.php(216): CodeIgniter\View\View->CodeIgniter\View\{closure}()
 4 SYSTEMPATH/Common.php(1184): CodeIgniter\View\View->render('front/head_view.php', [], true)
 5 APPPATH/Controllers/Home.php(10): view('front/head_view.php', [...])
 6 SYSTEMPATH/CodeIgniter.php(934): App\Controllers\Home->index()
 7 SYSTEMPATH/CodeIgniter.php(499): CodeIgniter\CodeIgniter->runController(Object(App\Controllers\Home))
 8 SYSTEMPATH/CodeIgniter.php(368): CodeIgniter\CodeIgniter->handleRequest(null, Object(Config\Cache), false)
 9 FCPATH/index.php(67): CodeIgniter\CodeIgniter->run()
CRITICAL - 2023-04-12 19:32:20 --> Undefined variable $data
in APPPATH/Views/front/head_view.php on line 12.
 1 APPPATH/Views/front/head_view.php(12): CodeIgniter\Debug\Exceptions->errorHandler(2, 'Undefined variable $data', '/opt/lampp/htdocs/proyecto_lezana_mauricio/app/Views/front/head_view.php', 12)
 2 SYSTEMPATH/View/View.php(213): include('/opt/lampp/htdocs/proyecto_lezana_mauricio/app/Views/front/head_view.php')
 3 SYSTEMPATH/View/View.php(216): CodeIgniter\View\View->CodeIgniter\View\{closure}()
 4 SYSTEMPATH/Common.php(1184): CodeIgniter\View\View->render('front/head_view.php', [], true)
 5 APPPATH/Controllers/Home.php(10): view('front/head_view.php', [...])
 6 SYSTEMPATH/CodeIgniter.php(934): App\Controllers\Home->index()
 7 SYSTEMPATH/CodeIgniter.php(499): CodeIgniter\CodeIgniter->runController(Object(App\Controllers\Home))
 8 SYSTEMPATH/CodeIgniter.php(368): CodeIgniter\CodeIgniter->handleRequest(null, Object(Config\Cache), false)
 9 FCPATH/index.php(67): CodeIgniter\CodeIgniter->run()
CRITICAL - 2023-04-12 19:32:20 --> Undefined variable $data
in APPPATH/Views/front/head_view.php on line 12.
 1 APPPATH/Views/front/head_view.php(12): CodeIgniter\Debug\Exceptions->errorHandler(2, 'Undefined variable $data', '/opt/lampp/htdocs/proyecto_lezana_mauricio/app/Views/front/head_view.php', 12)
 2 SYSTEMPATH/View/View.php(213): include('/opt/lampp/htdocs/proyecto_lezana_mauricio/app/Views/front/head_view.php')
 3 SYSTEMPATH/View/View.php(216): CodeIgniter\View\View->CodeIgniter\View\{closure}()
 4 SYSTEMPATH/Common.php(1184): CodeIgniter\View\View->render('front/head_view.php', [], true)
 5 APPPATH/Controllers/Home.php(10): view('front/head_view.php', [...])
 6 SYSTEMPATH/CodeIgniter.php(934): App\Controllers\Home->index()
 7 SYSTEMPATH/CodeIgniter.php(499): CodeIgniter\CodeIgniter->runController(Object(App\Controllers\Home))
 8 SYSTEMPATH/CodeIgniter.php(368): CodeIgniter\CodeIgniter->handleRequest(null, Object(Config\Cache), false)
 9 FCPATH/index.php(67): CodeIgniter\CodeIgniter->run()
CRITICAL - 2023-04-12 19:32:21 --> Undefined variable $data
in APPPATH/Views/front/head_view.php on line 12.
 1 APPPATH/Views/front/head_view.php(12): CodeIgniter\Debug\Exceptions->errorHandler(2, 'Undefined variable $data', '/opt/lampp/htdocs/proyecto_lezana_mauricio/app/Views/front/head_view.php', 12)
 2 SYSTEMPATH/View/View.php(213): include('/opt/lampp/htdocs/proyecto_lezana_mauricio/app/Views/front/head_view.php')
 3 SYSTEMPATH/View/View.php(216): CodeIgniter\View\View->CodeIgniter\View\{closure}()
 4 SYSTEMPATH/Common.php(1184): CodeIgniter\View\View->render('front/head_view.php', [], true)
 5 APPPATH/Controllers/Home.php(10): view('front/head_view.php', [...])
 6 SYSTEMPATH/CodeIgniter.php(934): App\Controllers\Home->index()
 7 SYSTEMPATH/CodeIgniter.php(499): CodeIgniter\CodeIgniter->runController(Object(App\Controllers\Home))
 8 SYSTEMPATH/CodeIgniter.php(368): CodeIgniter\CodeIgniter->handleRequest(null, Object(Config\Cache), false)
 9 FCPATH/index.php(67): CodeIgniter\CodeIgniter->run()
CRITICAL - 2023-04-12 19:32:31 --> Undefined variable $data
in APPPATH/Views/front/head_view.php on line 12.
 1 APPPATH/Views/front/head_view.php(12): CodeIgniter\Debug\Exceptions->errorHandler(2, 'Undefined variable $data', '/opt/lampp/htdocs/proyecto_lezana_mauricio/app/Views/front/head_view.php', 12)
 2 SYSTEMPATH/View/View.php(213): include('/opt/lampp/htdocs/proyecto_lezana_mauricio/app/Views/front/head_view.php')
 3 SYSTEMPATH/View/View.php(216): CodeIgniter\View\View->CodeIgniter\View\{closure}()
 4 SYSTEMPATH/Common.php(1184): CodeIgniter\View\View->render('front/head_view.php', [], true)
 5 APPPATH/Controllers/Home.php(10): view('front/head_view.php', [...])
 6 SYSTEMPATH/CodeIgniter.php(934): App\Controllers\Home->index()
 7 SYSTEMPATH/CodeIgniter.php(499): CodeIgniter\CodeIgniter->runController(Object(App\Controllers\Home))
 8 SYSTEMPATH/CodeIgniter.php(368): CodeIgniter\CodeIgniter->handleRequest(null, Object(Config\Cache), false)
 9 FCPATH/index.php(67): CodeIgniter\CodeIgniter->run()
CRITICAL - 2023-04-12 19:32:31 --> Undefined variable $data
in APPPATH/Views/front/head_view.php on line 12.
 1 APPPATH/Views/front/head_view.php(12): CodeIgniter\Debug\Exceptions->errorHandler(2, 'Undefined variable $data', '/opt/lampp/htdocs/proyecto_lezana_mauricio/app/Views/front/head_view.php', 12)
 2 SYSTEMPATH/View/View.php(213): include('/opt/lampp/htdocs/proyecto_lezana_mauricio/app/Views/front/head_view.php')
 3 SYSTEMPATH/View/View.php(216): CodeIgniter\View\View->CodeIgniter\View\{closure}()
 4 SYSTEMPATH/Common.php(1184): CodeIgniter\View\View->render('front/head_view.php', [], true)
 5 APPPATH/Controllers/Home.php(10): view('front/head_view.php', [...])
 6 SYSTEMPATH/CodeIgniter.php(934): App\Controllers\Home->index()
 7 SYSTEMPATH/CodeIgniter.php(499): CodeIgniter\CodeIgniter->runController(Object(App\Controllers\Home))
 8 SYSTEMPATH/CodeIgniter.php(368): CodeIgniter\CodeIgniter->handleRequest(null, Object(Config\Cache), false)
 9 FCPATH/index.php(67): CodeIgniter\CodeIgniter->run()
CRITICAL - 2023-04-12 19:32:31 --> Undefined variable $data
in APPPATH/Views/front/head_view.php on line 12.
 1 APPPATH/Views/front/head_view.php(12): CodeIgniter\Debug\Exceptions->errorHandler(2, 'Undefined variable $data', '/opt/lampp/htdocs/proyecto_lezana_mauricio/app/Views/front/head_view.php', 12)
 2 SYSTEMPATH/View/View.php(213): include('/opt/lampp/htdocs/proyecto_lezana_mauricio/app/Views/front/head_view.php')
 3 SYSTEMPATH/View/View.php(216): CodeIgniter\View\View->CodeIgniter\View\{closure}()
 4 SYSTEMPATH/Common.php(1184): CodeIgniter\View\View->render('front/head_view.php', [], true)
 5 APPPATH/Controllers/Home.php(10): view('front/head_view.php', [...])
 6 SYSTEMPATH/CodeIgniter.php(934): App\Controllers\Home->index()
 7 SYSTEMPATH/CodeIgniter.php(499): CodeIgniter\CodeIgniter->runController(Object(App\Controllers\Home))
 8 SYSTEMPATH/CodeIgniter.php(368): CodeIgniter\CodeIgniter->handleRequest(null, Object(Config\Cache), false)
 9 FCPATH/index.php(67): CodeIgniter\CodeIgniter->run()
CRITICAL - 2023-04-12 19:33:23 --> Undefined variable $data
in APPPATH/Views/front/head_view.php on line 12.
 1 APPPATH/Views/front/head_view.php(12): CodeIgniter\Debug\Exceptions->errorHandler(2, 'Undefined variable $data', '/opt/lampp/htdocs/proyecto_lezana_mauricio/app/Views/front/head_view.php', 12)
 2 SYSTEMPATH/View/View.php(213): include('/opt/lampp/htdocs/proyecto_lezana_mauricio/app/Views/front/head_view.php')
 3 SYSTEMPATH/View/View.php(216): CodeIgniter\View\View->CodeIgniter\View\{closure}()
 4 SYSTEMPATH/Common.php(1184): CodeIgniter\View\View->render('front/head_view.php', [], true)
 5 APPPATH/Controllers/Home.php(10): view('front/head_view.php', [...])
 6 SYSTEMPATH/CodeIgniter.php(934): App\Controllers\Home->index()
 7 SYSTEMPATH/CodeIgniter.php(499): CodeIgniter\CodeIgniter->runController(Object(App\Controllers\Home))
 8 SYSTEMPATH/CodeIgniter.php(368): CodeIgniter\CodeIgniter->handleRequest(null, Object(Config\Cache), false)
 9 FCPATH/index.php(67): CodeIgniter\CodeIgniter->run()
CRITICAL - 2023-04-12 19:33:25 --> Undefined variable $data
in APPPATH/Views/front/head_view.php on line 12.
 1 APPPATH/Views/front/head_view.php(12): CodeIgniter\Debug\Exceptions->errorHandler(2, 'Undefined variable $data', '/opt/lampp/htdocs/proyecto_lezana_mauricio/app/Views/front/head_view.php', 12)
 2 SYSTEMPATH/View/View.php(213): include('/opt/lampp/htdocs/proyecto_lezana_mauricio/app/Views/front/head_view.php')
 3 SYSTEMPATH/View/View.php(216): CodeIgniter\View\View->CodeIgniter\View\{closure}()
 4 SYSTEMPATH/Common.php(1184): CodeIgniter\View\View->render('front/head_view.php', [], true)
 5 APPPATH/Controllers/Home.php(10): view('front/head_view.php', [...])
 6 SYSTEMPATH/CodeIgniter.php(934): App\Controllers\Home->index()
 7 SYSTEMPATH/CodeIgniter.php(499): CodeIgniter\CodeIgniter->runController(Object(App\Controllers\Home))
 8 SYSTEMPATH/CodeIgniter.php(368): CodeIgniter\CodeIgniter->handleRequest(null, Object(Config\Cache), false)
 9 FCPATH/index.php(67): CodeIgniter\CodeIgniter->run()
CRITICAL - 2023-04-12 19:33:29 --> Undefined variable $data
in APPPATH/Views/front/head_view.php on line 12.
 1 APPPATH/Views/front/head_view.php(12): CodeIgniter\Debug\Exceptions->errorHandler(2, 'Undefined variable $data', '/opt/lampp/htdocs/proyecto_lezana_mauricio/app/Views/front/head_view.php', 12)
 2 SYSTEMPATH/View/View.php(213): include('/opt/lampp/htdocs/proyecto_lezana_mauricio/app/Views/front/head_view.php')
 3 SYSTEMPATH/View/View.php(216): CodeIgniter\View\View->CodeIgniter\View\{closure}()
 4 SYSTEMPATH/Common.php(1184): CodeIgniter\View\View->render('front/head_view.php', [], true)
 5 APPPATH/Controllers/Home.php(10): view('front/head_view.php', [...])
 6 SYSTEMPATH/CodeIgniter.php(934): App\Controllers\Home->index()
 7 SYSTEMPATH/CodeIgniter.php(499): CodeIgniter\CodeIgniter->runController(Object(App\Controllers\Home))
 8 SYSTEMPATH/CodeIgniter.php(368): CodeIgniter\CodeIgniter->handleRequest(null, Object(Config\Cache), false)
 9 FCPATH/index.php(67): CodeIgniter\CodeIgniter->run()
CRITICAL - 2023-04-12 19:33:48 --> Undefined variable $data
in APPPATH/Views/front/head_view.php on line 12.
 1 APPPATH/Views/front/head_view.php(12): CodeIgniter\Debug\Exceptions->errorHandler(2, 'Undefined variable $data', '/opt/lampp/htdocs/proyecto_lezana_mauricio/app/Views/front/head_view.php', 12)
 2 SYSTEMPATH/View/View.php(213): include('/opt/lampp/htdocs/proyecto_lezana_mauricio/app/Views/front/head_view.php')
 3 SYSTEMPATH/View/View.php(216): CodeIgniter\View\View->CodeIgniter\View\{closure}()
 4 SYSTEMPATH/Common.php(1184): CodeIgniter\View\View->render('front/head_view.php', [], true)
 5 APPPATH/Controllers/Home.php(10): view('front/head_view.php', [...])
 6 SYSTEMPATH/CodeIgniter.php(934): App\Controllers\Home->index()
 7 SYSTEMPATH/CodeIgniter.php(499): CodeIgniter\CodeIgniter->runController(Object(App\Controllers\Home))
 8 SYSTEMPATH/CodeIgniter.php(368): CodeIgniter\CodeIgniter->handleRequest(null, Object(Config\Cache), false)
 9 FCPATH/index.php(67): CodeIgniter\CodeIgniter->run()
CRITICAL - 2023-04-12 19:35:39 --> Undefined variable $data
in APPPATH/Views/front/head_view.php on line 12.
 1 APPPATH/Views/front/head_view.php(12): CodeIgniter\Debug\Exceptions->errorHandler(2, 'Undefined variable $data', '/opt/lampp/htdocs/proyecto_lezana_mauricio/app/Views/front/head_view.php', 12)
 2 SYSTEMPATH/View/View.php(213): include('/opt/lampp/htdocs/proyecto_lezana_mauricio/app/Views/front/head_view.php')
 3 SYSTEMPATH/View/View.php(216): CodeIgniter\View\View->CodeIgniter\View\{closure}()
 4 SYSTEMPATH/Common.php(1184): CodeIgniter\View\View->render('front/head_view.php', [], true)
 5 APPPATH/Controllers/Home.php(10): view('front/head_view.php', [...])
 6 SYSTEMPATH/CodeIgniter.php(934): App\Controllers\Home->index()
 7 SYSTEMPATH/CodeIgniter.php(499): CodeIgniter\CodeIgniter->runController(Object(App\Controllers\Home))
 8 SYSTEMPATH/CodeIgniter.php(368): CodeIgniter\CodeIgniter->handleRequest(null, Object(Config\Cache), false)
 9 FCPATH/index.php(67): CodeIgniter\CodeIgniter->run()
CRITICAL - 2023-04-12 19:35:40 --> Undefined variable $data
in APPPATH/Views/front/head_view.php on line 12.
 1 APPPATH/Views/front/head_view.php(12): CodeIgniter\Debug\Exceptions->errorHandler(2, 'Undefined variable $data', '/opt/lampp/htdocs/proyecto_lezana_mauricio/app/Views/front/head_view.php', 12)
 2 SYSTEMPATH/View/View.php(213): include('/opt/lampp/htdocs/proyecto_lezana_mauricio/app/Views/front/head_view.php')
 3 SYSTEMPATH/View/View.php(216): CodeIgniter\View\View->CodeIgniter\View\{closure}()
 4 SYSTEMPATH/Common.php(1184): CodeIgniter\View\View->render('front/head_view.php', [], true)
 5 APPPATH/Controllers/Home.php(10): view('front/head_view.php', [...])
 6 SYSTEMPATH/CodeIgniter.php(934): App\Controllers\Home->index()
 7 SYSTEMPATH/CodeIgniter.php(499): CodeIgniter\CodeIgniter->runController(Object(App\Controllers\Home))
 8 SYSTEMPATH/CodeIgniter.php(368): CodeIgniter\CodeIgniter->handleRequest(null, Object(Config\Cache), false)
 9 FCPATH/index.php(67): CodeIgniter\CodeIgniter->run()
CRITICAL - 2023-04-12 19:35:44 --> Undefined variable $data
in APPPATH/Views/front/head_view.php on line 12.
 1 APPPATH/Views/front/head_view.php(12): CodeIgniter\Debug\Exceptions->errorHandler(2, 'Undefined variable $data', '/opt/lampp/htdocs/proyecto_lezana_mauricio/app/Views/front/head_view.php', 12)
 2 SYSTEMPATH/View/View.php(213): include('/opt/lampp/htdocs/proyecto_lezana_mauricio/app/Views/front/head_view.php')
 3 SYSTEMPATH/View/View.php(216): CodeIgniter\View\View->CodeIgniter\View\{closure}()
 4 SYSTEMPATH/Common.php(1184): CodeIgniter\View\View->render('front/head_view.php', [], true)
 5 APPPATH/Controllers/Home.php(10): view('front/head_view.php', [...])
 6 SYSTEMPATH/CodeIgniter.php(934): App\Controllers\Home->index()
 7 SYSTEMPATH/CodeIgniter.php(499): CodeIgniter\CodeIgniter->runController(Object(App\Controllers\Home))
 8 SYSTEMPATH/CodeIgniter.php(368): CodeIgniter\CodeIgniter->handleRequest(null, Object(Config\Cache), false)
 9 FCPATH/index.php(67): CodeIgniter\CodeIgniter->run()
CRITICAL - 2023-04-12 19:36:47 --> Undefined variable $data
in APPPATH/Views/front/head_view.php on line 12.
 1 APPPATH/Views/front/head_view.php(12): CodeIgniter\Debug\Exceptions->errorHandler(2, 'Undefined variable $data', '/opt/lampp/htdocs/proyecto_lezana_mauricio/app/Views/front/head_view.php', 12)
 2 SYSTEMPATH/View/View.php(213): include('/opt/lampp/htdocs/proyecto_lezana_mauricio/app/Views/front/head_view.php')
 3 SYSTEMPATH/View/View.php(216): CodeIgniter\View\View->CodeIgniter\View\{closure}()
 4 SYSTEMPATH/Common.php(1184): CodeIgniter\View\View->render('front/head_view.php', [], true)
 5 APPPATH/Controllers/Home.php(10): view('front/head_view.php', [...])
 6 SYSTEMPATH/CodeIgniter.php(934): App\Controllers\Home->index()
 7 SYSTEMPATH/CodeIgniter.php(499): CodeIgniter\CodeIgniter->runController(Object(App\Controllers\Home))
 8 SYSTEMPATH/CodeIgniter.php(368): CodeIgniter\CodeIgniter->handleRequest(null, Object(Config\Cache), false)
 9 FCPATH/index.php(67): CodeIgniter\CodeIgniter->run()
CRITICAL - 2023-04-12 19:36:48 --> Undefined variable $data
in APPPATH/Views/front/head_view.php on line 12.
 1 APPPATH/Views/front/head_view.php(12): CodeIgniter\Debug\Exceptions->errorHandler(2, 'Undefined variable $data', '/opt/lampp/htdocs/proyecto_lezana_mauricio/app/Views/front/head_view.php', 12)
 2 SYSTEMPATH/View/View.php(213): include('/opt/lampp/htdocs/proyecto_lezana_mauricio/app/Views/front/head_view.php')
 3 SYSTEMPATH/View/View.php(216): CodeIgniter\View\View->CodeIgniter\View\{closure}()
 4 SYSTEMPATH/Common.php(1184): CodeIgniter\View\View->render('front/head_view.php', [], true)
 5 APPPATH/Controllers/Home.php(10): view('front/head_view.php', [...])
 6 SYSTEMPATH/CodeIgniter.php(934): App\Controllers\Home->index()
 7 SYSTEMPATH/CodeIgniter.php(499): CodeIgniter\CodeIgniter->runController(Object(App\Controllers\Home))
 8 SYSTEMPATH/CodeIgniter.php(368): CodeIgniter\CodeIgniter->handleRequest(null, Object(Config\Cache), false)
 9 FCPATH/index.php(67): CodeIgniter\CodeIgniter->run()
CRITICAL - 2023-04-12 19:40:44 --> Undefined variable $data
in APPPATH/Views/front/head_view.php on line 12.
 1 APPPATH/Views/front/head_view.php(12): CodeIgniter\Debug\Exceptions->errorHandler(2, 'Undefined variable $data', '/opt/lampp/htdocs/proyecto_lezana_mauricio/app/Views/front/head_view.php', 12)
 2 SYSTEMPATH/View/View.php(213): include('/opt/lampp/htdocs/proyecto_lezana_mauricio/app/Views/front/head_view.php')
 3 SYSTEMPATH/View/View.php(216): CodeIgniter\View\View->CodeIgniter\View\{closure}()
 4 SYSTEMPATH/Common.php(1184): CodeIgniter\View\View->render('front/head_view.php', [], true)
 5 APPPATH/Controllers/Home.php(10): view('front/head_view.php', [...])
 6 SYSTEMPATH/CodeIgniter.php(934): App\Controllers\Home->index()
 7 SYSTEMPATH/CodeIgniter.php(499): CodeIgniter\CodeIgniter->runController(Object(App\Controllers\Home))
 8 SYSTEMPATH/CodeIgniter.php(368): CodeIgniter\CodeIgniter->handleRequest(null, Object(Config\Cache), false)
 9 FCPATH/index.php(67): CodeIgniter\CodeIgniter->run()
CRITICAL - 2023-04-12 23:09:21 --> Call to undefined function baseurl()
in APPPATH/Views/front/footer_view.php on line 5.
 1 SYSTEMPATH/View/View.php(213): include()
 2 SYSTEMPATH/View/View.php(216): CodeIgniter\View\View->CodeIgniter\View\{closure}()
 3 SYSTEMPATH/Common.php(1184): CodeIgniter\View\View->render('front/footer_view.php', [], true)
 4 APPPATH/Controllers/Home.php(13): view('front/footer_view.php')
 5 SYSTEMPATH/CodeIgniter.php(934): App\Controllers\Home->index()
 6 SYSTEMPATH/CodeIgniter.php(499): CodeIgniter\CodeIgniter->runController(Object(App\Controllers\Home))
 7 SYSTEMPATH/CodeIgniter.php(368): CodeIgniter\CodeIgniter->handleRequest(null, Object(Config\Cache), false)
 8 FCPATH/index.php(67): CodeIgniter\CodeIgniter->run()
